<?xml version="1.0" encoding="UTF-8"?>
<!-- Generated by org.testng.reporters.JUnitReportReporter -->
<testsuite hostname="Matts-MacBook-Pro.local" name="automation.SecondTestCase" tests="1" failures="0" timestamp="21 Apr 2015 22:39:20 GMT" time="22.676" errors="0">
  <testcase name="main" time="22.676" classname="automation.SecondTestCase"/>
</testsuite> <!-- automation.SecondTestCase -->
