<?xml version="1.0" encoding="UTF-8"?>
<!-- Generated by org.testng.reporters.JUnitReportReporter -->
<testsuite hostname="Matts-MacBook-Pro.local" name="automationFramework.TestNG" tests="1" failures="0" timestamp="21 Apr 2015 22:39:20 GMT" time="25.656" errors="0">
  <testcase name="main" time="25.656" classname="automationFramework.TestNG"/>
</testsuite> <!-- automationFramework.TestNG -->
